  [1m[35m (773.8ms)[0m  [1m[35mCREATE DATABASE "S6J4_movie_development" ENCODING = 'unicode'[0m
  ↳ bin/rails:9
  [1m[35m (635.9ms)[0m  [1m[35mCREATE DATABASE "S6J4_movie_test" ENCODING = 'unicode'[0m
  ↳ bin/rails:9
  [1m[35m (99.9ms)[0m  [1m[35mCREATE TABLE "schema_migrations" ("version" character varying NOT NULL PRIMARY KEY)[0m
  ↳ bin/rails:9
  [1m[35m (86.3ms)[0m  [1m[35mCREATE TABLE "ar_internal_metadata" ("key" character varying NOT NULL PRIMARY KEY, "value" character varying, "created_at" timestamp NOT NULL, "updated_at" timestamp NOT NULL)[0m
  ↳ bin/rails:9
  [1m[35m (0.3ms)[0m  [1m[34mSELECT pg_try_advisory_lock(1182762761832051120)[0m
  ↳ bin/rails:9
  [1m[35m (0.4ms)[0m  [1m[34mSELECT "schema_migrations"."version" FROM "schema_migrations" ORDER BY "schema_migrations"."version" ASC[0m
  ↳ bin/rails:9
  [1m[36mActiveRecord::InternalMetadata Load (0.4ms)[0m  [1m[34mSELECT  "ar_internal_metadata".* FROM "ar_internal_metadata" WHERE "ar_internal_metadata"."key" = $1 LIMIT $2[0m  [["key", "environment"], ["LIMIT", 1]]
  ↳ bin/rails:9
  [1m[35m (0.2ms)[0m  [1m[35mBEGIN[0m
  ↳ bin/rails:9
  [1m[36mActiveRecord::InternalMetadata Create (0.5ms)[0m  [1m[32mINSERT INTO "ar_internal_metadata" ("key", "value", "created_at", "updated_at") VALUES ($1, $2, $3, $4) RETURNING "key"[0m  [["key", "environment"], ["value", "development"], ["created_at", "2018-11-08 17:51:28.520843"], ["updated_at", "2018-11-08 17:51:28.520843"]]
  ↳ bin/rails:9
  [1m[35m (11.4ms)[0m  [1m[35mCOMMIT[0m
  ↳ bin/rails:9
  [1m[35m (0.3ms)[0m  [1m[34mSELECT pg_advisory_unlock(1182762761832051120)[0m
  ↳ bin/rails:9
  [1m[35m (0.3ms)[0m  [1m[34mSELECT "schema_migrations"."version" FROM "schema_migrations" ORDER BY "schema_migrations"."version" ASC[0m
  ↳ bin/rails:9
Started GET "/" for 127.0.0.1 at 2018-11-08 18:51:47 +0100
Processing by StaticPagesController#index as HTML
  Rendering static_pages/index.html.erb within layouts/application
  Rendered static_pages/index.html.erb within layouts/application (1.5ms)
  Rendered layouts/_header.html.erb (0.3ms)
  Rendered layouts/_footer.html.erb (0.6ms)
Completed 200 OK in 1420ms (Views: 1411.1ms | ActiveRecord: 0.0ms)


Started GET "/" for 127.0.0.1 at 2018-11-08 18:52:29 +0100
Processing by StaticPagesController#index as HTML
  Rendering static_pages/index.html.erb within layouts/application
  Rendered static_pages/index.html.erb within layouts/application (1.3ms)
  Rendered layouts/_header.html.erb (0.4ms)
  Rendered layouts/_footer.html.erb (0.5ms)
Completed 200 OK in 26ms (Views: 24.0ms | ActiveRecord: 0.0ms)


Started GET "/" for 127.0.0.1 at 2018-11-08 18:52:30 +0100
Processing by StaticPagesController#index as HTML
  Rendering static_pages/index.html.erb within layouts/application
  Rendered static_pages/index.html.erb within layouts/application (1.5ms)
  Rendered layouts/_header.html.erb (0.9ms)
  Rendered layouts/_footer.html.erb (0.3ms)
Completed 200 OK in 31ms (Views: 29.6ms | ActiveRecord: 0.0ms)


Started GET "/" for 127.0.0.1 at 2018-11-08 18:52:32 +0100
Processing by StaticPagesController#index as HTML
  Rendering static_pages/index.html.erb within layouts/application
  Rendered static_pages/index.html.erb within layouts/application (1.2ms)
  Rendered layouts/_header.html.erb (0.5ms)
  Rendered layouts/_footer.html.erb (0.8ms)
Completed 200 OK in 40ms (Views: 38.6ms | ActiveRecord: 0.0ms)


Started POST "/" for 127.0.0.1 at 2018-11-08 18:52:33 +0100
Processing by MoviesController#search as HTML
  Parameters: {"utf8"=>"✓", "authenticity_token"=>"SEjKVB+iyL+FeAxfPV8D2G2GRffWcY4JQpNy+wMiL9GgqUgFJDJcLeTKFUCJSv/oXdfRQwKYbKMmRrexDhoV9Q==", "movie"=>"", "commit"=>"Search movie"}
Completed 500 Internal Server Error in 227ms (ActiveRecord: 0.0ms)


  
Tmdb::InvalidApiKeyError (Tmdb::InvalidApiKeyError):
  
app/services/search_movie.rb:6:in `request'
app/controllers/movies_controller.rb:3:in `search'
Started POST "/" for 127.0.0.1 at 2018-11-08 18:52:49 +0100
Processing by MoviesController#search as HTML
  Parameters: {"utf8"=>"✓", "authenticity_token"=>"UigHdSTrh8TrI9qUxQX0aa6qloM76UwoK5GnV4sIp95hASqbl6Sn0Y/dGeRISuWhRD78YOcihaamQflDKz1EwA==", "movie"=>"batman", "commit"=>"Search movie"}
Completed 500 Internal Server Error in 185ms (ActiveRecord: 0.0ms)


  
Tmdb::InvalidApiKeyError (Tmdb::InvalidApiKeyError):
  
app/services/search_movie.rb:6:in `request'
app/controllers/movies_controller.rb:3:in `search'
Started GET "/" for 127.0.0.1 at 2018-11-08 18:56:31 +0100
Processing by StaticPagesController#index as HTML
  Rendering static_pages/index.html.erb within layouts/application
  Rendered static_pages/index.html.erb within layouts/application (1.4ms)
  Rendered layouts/_header.html.erb (0.3ms)
  Rendered layouts/_footer.html.erb (0.2ms)
Completed 200 OK in 223ms (Views: 215.9ms | ActiveRecord: 0.0ms)


Started POST "/" for 127.0.0.1 at 2018-11-08 18:56:33 +0100
Processing by MoviesController#search as HTML
  Parameters: {"utf8"=>"✓", "authenticity_token"=>"onIpN4Jhch0hT9ib8VktfpkGeiK25HCXHSWHdZ7YQKaRWwTZMS5SCEWxG+t8Fjy2c5IQwWovuRmQ9dlhPu2juA==", "movie"=>"", "commit"=>"Search movie"}
Completed 500 Internal Server Error in 2ms (ActiveRecord: 0.0ms)


  
LoadError (cannot load such file -- themoviedb-api):
  
app/services/search_movie.rb:1:in `<main>'
app/controllers/movies_controller.rb:3:in `search'
Started GET "/" for 127.0.0.1 at 2018-11-08 18:56:50 +0100
Started GET "/" for 127.0.0.1 at 2018-11-08 18:57:00 +0100
Started GET "/" for 127.0.0.1 at 2018-11-08 18:57:00 +0100
Processing by StaticPagesController#index as HTML
  Rendering static_pages/index.html.erb within layouts/application
  Rendered static_pages/index.html.erb within layouts/application (0.8ms)
  Rendered layouts/_header.html.erb (0.4ms)
  Rendered layouts/_footer.html.erb (0.7ms)
Completed 200 OK in 20ms (Views: 18.2ms | ActiveRecord: 0.0ms)


Processing by StaticPagesController#index as HTML
Processing by StaticPagesController#index as HTML
  Rendering static_pages/index.html.erb within layouts/application
  Rendered static_pages/index.html.erb within layouts/application (0.7ms)
  Rendering static_pages/index.html.erb within layouts/application
  Rendered static_pages/index.html.erb within layouts/application (0.3ms)
  Rendered layouts/_header.html.erb (0.1ms)
  Rendered layouts/_footer.html.erb (0.0ms)
Completed 200 OK in 47ms (Views: 44.9ms | ActiveRecord: 0.0ms)


  Rendered layouts/_header.html.erb (0.0ms)
  Rendered layouts/_footer.html.erb (0.0ms)
Completed 200 OK in 48ms (Views: 46.6ms | ActiveRecord: 0.0ms)


Started POST "/" for 127.0.0.1 at 2018-11-08 18:57:02 +0100
Processing by MoviesController#search as HTML
  Parameters: {"utf8"=>"✓", "authenticity_token"=>"8ecNYqhmn2omkYwxF6dHJNAruFN6x/wDdJb7H6k/mZPCziCMGym/f0JvT0Ga6FbsOr/SsKYMNY35RqULCQp6jQ==", "movie"=>"", "commit"=>"Search movie"}
Completed 500 Internal Server Error in 227ms (ActiveRecord: 0.0ms)


  
Tmdb::InvalidApiKeyError (Tmdb::InvalidApiKeyError):
  
app/services/search_movie.rb:8:in `request'
app/controllers/movies_controller.rb:3:in `search'
Started POST "/" for 127.0.0.1 at 2018-11-08 18:58:34 +0100
Processing by MoviesController#search as HTML
  Parameters: {"utf8"=>"✓", "authenticity_token"=>"8ecNYqhmn2omkYwxF6dHJNAruFN6x/wDdJb7H6k/mZPCziCMGym/f0JvT0Ga6FbsOr/SsKYMNY35RqULCQp6jQ==", "movie"=>"", "commit"=>"Search movie"}
Completed 500 Internal Server Error in 2ms (ActiveRecord: 0.0ms)


  
ArgumentError (wrong number of arguments (given 1, expected 0)):
  
app/services/search_movie.rb:8:in `request'
app/controllers/movies_controller.rb:3:in `search'
Started GET "/" for 127.0.0.1 at 2018-11-08 18:58:38 +0100
Processing by StaticPagesController#index as HTML
  Rendering static_pages/index.html.erb within layouts/application
  Rendered static_pages/index.html.erb within layouts/application (1.5ms)
  Rendered layouts/_header.html.erb (0.3ms)
  Rendered layouts/_footer.html.erb (0.4ms)
Completed 200 OK in 24ms (Views: 22.8ms | ActiveRecord: 0.0ms)


Started POST "/" for 127.0.0.1 at 2018-11-08 18:58:39 +0100
Processing by MoviesController#search as HTML
  Parameters: {"utf8"=>"✓", "authenticity_token"=>"vZvJJK0JdFlXXjfexBWJmBXAcmhrOmMhD1/mjlhilh2OsuTKHkZUTDOg9K5JWphQ/1QYi7fxqq+Cj7ia+Fd1Aw==", "movie"=>"", "commit"=>"Search movie"}
Completed 500 Internal Server Error in 1ms (ActiveRecord: 0.0ms)


  
ArgumentError (wrong number of arguments (given 1, expected 0)):
  
app/services/search_movie.rb:8:in `request'
app/controllers/movies_controller.rb:3:in `search'
Started GET "/" for 127.0.0.1 at 2018-11-08 18:58:57 +0100
Processing by StaticPagesController#index as HTML
  Rendering static_pages/index.html.erb within layouts/application
  Rendered static_pages/index.html.erb within layouts/application (1.4ms)
  Rendered layouts/_header.html.erb (0.4ms)
  Rendered layouts/_footer.html.erb (0.2ms)
Completed 200 OK in 21ms (Views: 20.2ms | ActiveRecord: 0.0ms)


Started POST "/" for 127.0.0.1 at 2018-11-08 18:58:58 +0100
Processing by MoviesController#search as HTML
  Parameters: {"utf8"=>"✓", "authenticity_token"=>"OBIuLKsdMS/V1q0FQhKBgldaUP80g7wCFjoelCVGsK0LOwPCGFIROrEobnXPXZBKvc46HOhIdYyb6kCAhXNTsw==", "movie"=>"", "commit"=>"Search movie"}
Completed 500 Internal Server Error in 5ms (ActiveRecord: 0.0ms)


  
ArgumentError (wrong number of arguments (given 1, expected 0)):
  
app/services/search_movie.rb:8:in `request'
app/controllers/movies_controller.rb:3:in `search'
Started POST "/" for 127.0.0.1 at 2018-11-08 18:59:11 +0100
Processing by MoviesController#search as HTML
  Parameters: {"utf8"=>"✓", "authenticity_token"=>"OBIuLKsdMS/V1q0FQhKBgldaUP80g7wCFjoelCVGsK0LOwPCGFIROrEobnXPXZBKvc46HOhIdYyb6kCAhXNTsw==", "movie"=>"", "commit"=>"Search movie"}
Completed 500 Internal Server Error in 1ms (ActiveRecord: 0.0ms)


  
ArgumentError (wrong number of arguments (given 1, expected 0)):
  
app/services/search_movie.rb:8:in `request'
app/controllers/movies_controller.rb:3:in `search'
Started GET "/" for 127.0.0.1 at 2018-11-08 18:59:13 +0100
Processing by StaticPagesController#index as HTML
  Rendering static_pages/index.html.erb within layouts/application
  Rendered static_pages/index.html.erb within layouts/application (1.4ms)
  Rendered layouts/_header.html.erb (0.3ms)
  Rendered layouts/_footer.html.erb (0.2ms)
Completed 200 OK in 29ms (Views: 27.1ms | ActiveRecord: 0.0ms)


Started POST "/" for 127.0.0.1 at 2018-11-08 18:59:15 +0100
Processing by MoviesController#search as HTML
  Parameters: {"utf8"=>"✓", "authenticity_token"=>"U7EDYgAqCqS0qdUEnDqG83i60S9pkm8WbXhCsm3FZ6BgmC6Ms2UqsdBXFnQRdZc7ki67zLVZppjgqBymzfCEvg==", "movie"=>"", "commit"=>"Search movie"}
Completed 500 Internal Server Error in 2ms (ActiveRecord: 0.0ms)


  
ArgumentError (wrong number of arguments (given 1, expected 0)):
  
app/services/search_movie.rb:8:in `request'
app/controllers/movies_controller.rb:3:in `search'
Started GET "/" for 127.0.0.1 at 2018-11-08 18:59:23 +0100
Processing by StaticPagesController#index as HTML
  Rendering static_pages/index.html.erb within layouts/application
  Rendered static_pages/index.html.erb within layouts/application (1.3ms)
  Rendered layouts/_header.html.erb (0.4ms)
  Rendered layouts/_footer.html.erb (0.2ms)
Completed 200 OK in 21ms (Views: 19.2ms | ActiveRecord: 0.0ms)


Started POST "/" for 127.0.0.1 at 2018-11-08 18:59:24 +0100
Processing by MoviesController#search as HTML
  Parameters: {"utf8"=>"✓", "authenticity_token"=>"xGuHj7vJ2ZJSMT/3KWHJ6md+lf6Xg7aWHR++34qaaEX3QqphCIb5hzbP/IekLtgijer/HUtIfxiQz+DLKq+LWw==", "movie"=>"", "commit"=>"Search movie"}
Completed 500 Internal Server Error in 221ms (ActiveRecord: 0.0ms)


  
Tmdb::InvalidApiKeyError (Tmdb::InvalidApiKeyError):
  
app/services/search_movie.rb:8:in `request'
app/controllers/movies_controller.rb:3:in `search'
Started POST "/" for 127.0.0.1 at 2018-11-08 19:03:05 +0100
Processing by MoviesController#search as HTML
  Parameters: {"utf8"=>"✓", "authenticity_token"=>"xGuHj7vJ2ZJSMT/3KWHJ6md+lf6Xg7aWHR++34qaaEX3QqphCIb5hzbP/IekLtgijer/HUtIfxiQz+DLKq+LWw==", "movie"=>"", "commit"=>"Search movie"}
Completed 500 Internal Server Error in 206ms (ActiveRecord: 0.0ms)


  
Tmdb::InvalidApiKeyError (Tmdb::InvalidApiKeyError):
  
app/services/search_movie.rb:9:in `request'
app/controllers/movies_controller.rb:3:in `search'
Started POST "/" for 127.0.0.1 at 2018-11-08 19:03:31 +0100
Processing by MoviesController#search as HTML
  Parameters: {"utf8"=>"✓", "authenticity_token"=>"xGuHj7vJ2ZJSMT/3KWHJ6md+lf6Xg7aWHR++34qaaEX3QqphCIb5hzbP/IekLtgijer/HUtIfxiQz+DLKq+LWw==", "movie"=>"", "commit"=>"Search movie"}
Completed 500 Internal Server Error in 186ms (ActiveRecord: 0.0ms)


  
Tmdb::InvalidApiKeyError (Tmdb::InvalidApiKeyError):
  
app/services/search_movie.rb:9:in `request'
app/controllers/movies_controller.rb:3:in `search'
Started GET "/" for 127.0.0.1 at 2018-11-08 19:03:33 +0100
Processing by StaticPagesController#index as HTML
  Rendering static_pages/index.html.erb within layouts/application
  Rendered static_pages/index.html.erb within layouts/application (1.2ms)
  Rendered layouts/_header.html.erb (0.5ms)
  Rendered layouts/_footer.html.erb (0.5ms)
Completed 200 OK in 25ms (Views: 24.1ms | ActiveRecord: 0.0ms)


Started POST "/" for 127.0.0.1 at 2018-11-08 19:03:34 +0100
Processing by MoviesController#search as HTML
  Parameters: {"utf8"=>"✓", "authenticity_token"=>"TGGOrunmZvzw2AdUO7rtATM40Wmrshvf1+ZCRhqNBjB/SKNAWqlG6ZQmxCS29fzJ2ay7ind50lFaNhxSurjlLg==", "movie"=>"", "commit"=>"Search movie"}
Completed 500 Internal Server Error in 188ms (ActiveRecord: 0.0ms)


  
Tmdb::InvalidApiKeyError (Tmdb::InvalidApiKeyError):
  
app/services/search_movie.rb:9:in `request'
app/controllers/movies_controller.rb:3:in `search'
Started POST "/" for 127.0.0.1 at 2018-11-08 19:10:34 +0100
Processing by MoviesController#search as HTML
  Parameters: {"utf8"=>"✓", "authenticity_token"=>"TGGOrunmZvzw2AdUO7rtATM40Wmrshvf1+ZCRhqNBjB/SKNAWqlG6ZQmxCS29fzJ2ay7ind50lFaNhxSurjlLg==", "movie"=>"", "commit"=>"Search movie"}
Completed 500 Internal Server Error in 254ms (ActiveRecord: 0.0ms)


  
Tmdb::InvalidApiKeyError (Tmdb::InvalidApiKeyError):
  
app/services/search_movie.rb:10:in `request'
app/controllers/movies_controller.rb:3:in `search'
Started POST "/" for 127.0.0.1 at 2018-11-08 19:10:48 +0100
Processing by MoviesController#search as HTML
  Parameters: {"utf8"=>"✓", "authenticity_token"=>"TGGOrunmZvzw2AdUO7rtATM40Wmrshvf1+ZCRhqNBjB/SKNAWqlG6ZQmxCS29fzJ2ay7ind50lFaNhxSurjlLg==", "movie"=>"", "commit"=>"Search movie"}
Completed 500 Internal Server Error in 3ms (ActiveRecord: 0.0ms)


  
NoMethodError (undefined method `each' for #<Tmdb::Search:0x00007fb6e1e21f90>):
  
app/controllers/movies_controller.rb:11:in `search'
Started POST "/" for 127.0.0.1 at 2018-11-08 19:31:12 +0100
Processing by MoviesController#search as HTML
  Parameters: {"utf8"=>"✓", "authenticity_token"=>"TGGOrunmZvzw2AdUO7rtATM40Wmrshvf1+ZCRhqNBjB/SKNAWqlG6ZQmxCS29fzJ2ay7ind50lFaNhxSurjlLg==", "movie"=>"", "commit"=>"Search movie"}
Completed 500 Internal Server Error in 10ms (ActiveRecord: 0.0ms)


  
NoMethodError (undefined method `each' for #<Tmdb::Search:0x00005581a01cd028>):
  
app/controllers/movies_controller.rb:11:in `search'
Started GET "/" for 127.0.0.1 at 2018-11-08 19:34:38 +0100
Processing by StaticPagesController#index as HTML
  Rendering static_pages/index.html.erb within layouts/application
  Rendered static_pages/index.html.erb within layouts/application (1.0ms)
  Rendered layouts/_header.html.erb (0.3ms)
  Rendered layouts/_footer.html.erb (0.3ms)
Completed 200 OK in 154ms (Views: 152.9ms | ActiveRecord: 0.0ms)


Started POST "/" for 127.0.0.1 at 2018-11-08 19:34:49 +0100
Processing by MoviesController#search as HTML
  Parameters: {"utf8"=>"✓", "authenticity_token"=>"GqhH4PRq20xDfww4ECIry2HtSWDmWgYuizpCMS2Xc24pgWoORyX7WSeBz0idbToDi3kjgzqRz6AG6hwljaKQcA==", "movie"=>"", "commit"=>"Search movie"}
Completed 500 Internal Server Error in 207ms (ActiveRecord: 0.0ms)


  
Tmdb::InvalidApiKeyError (Tmdb::InvalidApiKeyError):
  
app/services/search_movie.rb:10:in `request'
app/controllers/movies_controller.rb:3:in `search'
Started GET "/" for 127.0.0.1 at 2018-11-08 19:35:35 +0100
Processing by StaticPagesController#index as HTML
  Rendering static_pages/index.html.erb within layouts/application
  Rendered static_pages/index.html.erb within layouts/application (2.6ms)
  Rendered layouts/_header.html.erb (0.4ms)
  Rendered layouts/_footer.html.erb (0.6ms)
Completed 200 OK in 49ms (Views: 47.0ms | ActiveRecord: 0.0ms)


Started POST "/" for 127.0.0.1 at 2018-11-08 19:35:38 +0100
Processing by MoviesController#search as HTML
  Parameters: {"utf8"=>"✓", "authenticity_token"=>"x2z85ea8kPhoiogqlvo96S9q9/zb3q9gn6C1E5mceu/0RdELVfOw7Qx0S1obtSwhxf6dHwcVZu4ScOsHOamZ8Q==", "movie"=>"batman", "commit"=>"Search movie"}
Completed 500 Internal Server Error in 200ms (ActiveRecord: 0.0ms)


  
Tmdb::InvalidApiKeyError (Tmdb::InvalidApiKeyError):
  
app/services/search_movie.rb:10:in `request'
app/controllers/movies_controller.rb:3:in `search'
Started GET "/" for 127.0.0.1 at 2018-11-08 19:48:13 +0100
Processing by StaticPagesController#index as HTML
  Rendering static_pages/index.html.erb within layouts/application
  Rendered static_pages/index.html.erb within layouts/application (0.8ms)
  Rendered layouts/_header.html.erb (0.4ms)
  Rendered layouts/_footer.html.erb (0.3ms)
Completed 200 OK in 23ms (Views: 22.1ms | ActiveRecord: 0.0ms)


Started POST "/" for 127.0.0.1 at 2018-11-08 19:48:16 +0100
Processing by MoviesController#search as HTML
  Parameters: {"utf8"=>"✓", "authenticity_token"=>"lqQSrEAMYGfyjsKKyBZVUdHFzJs7zNq+bZPd4DWo1QuljT9C80NAcpZwAfpFWUSZO1GmeOcHEzDgQ4P0lZ02FQ==", "movie"=>"batman", "commit"=>"Search movie"}
Completed 500 Internal Server Error in 213ms (ActiveRecord: 0.0ms)


  
Tmdb::InvalidApiKeyError (Tmdb::InvalidApiKeyError):
  
app/services/search_movie.rb:10:in `request'
app/controllers/movies_controller.rb:3:in `search'
Started GET "/" for 127.0.0.1 at 2018-11-08 19:50:23 +0100
Processing by StaticPagesController#index as HTML
  Rendering static_pages/index.html.erb within layouts/application
  Rendered static_pages/index.html.erb within layouts/application (0.7ms)
  Rendered layouts/_header.html.erb (0.3ms)
  Rendered layouts/_footer.html.erb (0.2ms)
Completed 200 OK in 21ms (Views: 19.7ms | ActiveRecord: 0.0ms)


Started POST "/" for 127.0.0.1 at 2018-11-08 19:50:24 +0100
Processing by MoviesController#search as HTML
  Parameters: {"utf8"=>"✓", "authenticity_token"=>"Foz/leig0JafQbe5dmO7V5iAJa1dO8A1EpOH4kJqR3glpdJ7W+/wg/u/dMn7LKqfchRPToHwCbufQ9n24l+kZg==", "movie"=>"", "commit"=>"Search movie"}
Completed 500 Internal Server Error in 217ms (ActiveRecord: 0.0ms)


  
Tmdb::InvalidApiKeyError (Tmdb::InvalidApiKeyError):
  
app/services/search_movie.rb:10:in `request'
app/controllers/movies_controller.rb:3:in `search'
Started GET "/" for 127.0.0.1 at 2018-11-08 19:50:48 +0100
Processing by StaticPagesController#index as HTML
  Rendering static_pages/index.html.erb within layouts/application
  Rendered static_pages/index.html.erb within layouts/application (1.6ms)
  Rendered layouts/_header.html.erb (0.3ms)
  Rendered layouts/_footer.html.erb (0.2ms)
Completed 200 OK in 23ms (Views: 22.0ms | ActiveRecord: 0.0ms)


Started POST "/" for 127.0.0.1 at 2018-11-08 19:50:49 +0100
Processing by MoviesController#search as HTML
  Parameters: {"utf8"=>"✓", "authenticity_token"=>"QWDK8wpKGNyYzcCylbyt9k4RD0sdKaCVL1kJn/6SLUpySecduQU4yfwzA8IY87w+pIVlqMHiaRuiiVeLXqfOVA==", "movie"=>"", "commit"=>"Search movie"}
Completed 500 Internal Server Error in 5ms (ActiveRecord: 0.0ms)


  
NameError (undefined local variable or method `api_key' for #<SearchMovie:0x00007f23d5b486d8>):
  
app/services/search_movie.rb:10:in `request'
app/controllers/movies_controller.rb:3:in `search'
Started GET "/" for 127.0.0.1 at 2018-11-08 19:57:49 +0100
  
ArgumentError (Missing :controller key on routes definition, please check your routes.):
  
config/routes.rb:4:in `block in <main>'
config/routes.rb:1:in `<main>'
Started GET "/" for 127.0.0.1 at 2018-11-08 20:02:51 +0100
  
ArgumentError (Missing :controller key on routes definition, please check your routes.):
  
config/routes.rb:4:in `block in <main>'
config/routes.rb:1:in `<main>'
Started GET "/" for 127.0.0.1 at 2018-11-08 20:03:06 +0100
Processing by StaticPagesController#index as HTML
  Rendering static_pages/index.html.erb within layouts/application
  Rendered static_pages/index.html.erb within layouts/application (0.8ms)
  Rendered layouts/_header.html.erb (0.3ms)
  Rendered layouts/_footer.html.erb (0.2ms)
Completed 200 OK in 22ms (Views: 20.6ms | ActiveRecord: 0.0ms)


Started POST "/" for 127.0.0.1 at 2018-11-08 20:03:08 +0100
Processing by MoviesController#search as HTML
  Parameters: {"utf8"=>"✓", "authenticity_token"=>"W+AAmwvEhi9E4T4v3hwtHE4HpjvQNj60cm+0CH8CW8VoyS11uIumOiAf/V9TUzzUpJPM2Az99zr/v+oc3ze42w==", "movie"=>"", "commit"=>"Search movie"}
Completed 500 Internal Server Error in 221ms (ActiveRecord: 0.0ms)


  
Tmdb::InvalidApiKeyError (Tmdb::InvalidApiKeyError):
  
app/services/search_movie.rb:20:in `request'
app/controllers/movies_controller.rb:3:in `search'
Started GET "/" for 127.0.0.1 at 2018-11-08 20:03:41 +0100
Processing by StaticPagesController#index as HTML
  Rendering static_pages/index.html.erb within layouts/application
  Rendered static_pages/index.html.erb within layouts/application (1.4ms)
  Rendered layouts/_header.html.erb (0.4ms)
  Rendered layouts/_footer.html.erb (0.2ms)
Completed 200 OK in 20ms (Views: 19.4ms | ActiveRecord: 0.0ms)


Started POST "/" for 127.0.0.1 at 2018-11-08 20:03:43 +0100
Processing by MoviesController#search as HTML
  Parameters: {"utf8"=>"✓", "authenticity_token"=>"dgGl/b9ky5vQGp/lTvhSfdyac4NkH1l2XJkjcOTviJJFKIgTDCvrjrTkXJXDt0O1Ng4ZYLjUkPjRSX1kRNprjA==", "movie"=>"", "commit"=>"Search movie"}
Completed 500 Internal Server Error in 189ms (ActiveRecord: 0.0ms)


  
Tmdb::InvalidApiKeyError (Tmdb::InvalidApiKeyError):
  
app/services/search_movie.rb:20:in `request'
app/controllers/movies_controller.rb:3:in `search'
Started GET "/" for 127.0.0.1 at 2018-11-08 20:04:31 +0100
Processing by StaticPagesController#index as HTML
  Rendering static_pages/index.html.erb within layouts/application
  Rendered static_pages/index.html.erb within layouts/application (0.8ms)
  Rendered layouts/_header.html.erb (0.4ms)
  Rendered layouts/_footer.html.erb (0.3ms)
Completed 200 OK in 20ms (Views: 18.9ms | ActiveRecord: 0.0ms)


Started POST "/" for 127.0.0.1 at 2018-11-08 20:04:32 +0100
Processing by MoviesController#search as HTML
  Parameters: {"utf8"=>"✓", "authenticity_token"=>"h19v/Xcsy2Oi625ZYFmbNa2N7yAo1pUHo/C4DLW58K+0dkITxGPrdsYVrSntFor9RxmFw/QdXIkuIOYYFYwTsQ==", "movie"=>"", "commit"=>"Search movie"}
Completed 500 Internal Server Error in 5ms (ActiveRecord: 0.0ms)


  
NoMethodError (undefined method `each' for #<Tmdb::Search:0x00007f23d566f2d8>):
  
app/controllers/movies_controller.rb:11:in `search'
Started POST "/" for 127.0.0.1 at 2018-11-08 20:05:16 +0100
Processing by MoviesController#search as HTML
  Parameters: {"utf8"=>"✓", "authenticity_token"=>"h19v/Xcsy2Oi625ZYFmbNa2N7yAo1pUHo/C4DLW58K+0dkITxGPrdsYVrSntFor9RxmFw/QdXIkuIOYYFYwTsQ==", "movie"=>"", "commit"=>"Search movie"}
Completed 500 Internal Server Error in 3ms (ActiveRecord: 0.0ms)


  
NoMethodError (undefined method `fetch' for nil:NilClass):
  
app/services/search_movie.rb:20:in `request'
app/controllers/movies_controller.rb:3:in `search'
Started POST "/" for 127.0.0.1 at 2018-11-08 20:05:26 +0100
Processing by MoviesController#search as HTML
  Parameters: {"utf8"=>"✓", "authenticity_token"=>"h19v/Xcsy2Oi625ZYFmbNa2N7yAo1pUHo/C4DLW58K+0dkITxGPrdsYVrSntFor9RxmFw/QdXIkuIOYYFYwTsQ==", "movie"=>"", "commit"=>"Search movie"}
Completed 500 Internal Server Error in 223ms (ActiveRecord: 0.0ms)


  
Tmdb::InvalidApiKeyError (Tmdb::InvalidApiKeyError):
  
app/services/search_movie.rb:20:in `request'
app/controllers/movies_controller.rb:3:in `search'
Started POST "/" for 127.0.0.1 at 2018-11-08 20:06:01 +0100
Processing by MoviesController#search as HTML
  Parameters: {"utf8"=>"✓", "authenticity_token"=>"h19v/Xcsy2Oi625ZYFmbNa2N7yAo1pUHo/C4DLW58K+0dkITxGPrdsYVrSntFor9RxmFw/QdXIkuIOYYFYwTsQ==", "movie"=>"", "commit"=>"Search movie"}
Completed 500 Internal Server Error in 193ms (ActiveRecord: 0.0ms)


  
Tmdb::InvalidApiKeyError (Tmdb::InvalidApiKeyError):
  
app/services/search_movie.rb:20:in `request'
app/controllers/movies_controller.rb:3:in `search'
Started POST "/" for 127.0.0.1 at 2018-11-08 20:06:18 +0100
Processing by MoviesController#search as HTML
  Parameters: {"utf8"=>"✓", "authenticity_token"=>"h19v/Xcsy2Oi625ZYFmbNa2N7yAo1pUHo/C4DLW58K+0dkITxGPrdsYVrSntFor9RxmFw/QdXIkuIOYYFYwTsQ==", "movie"=>"", "commit"=>"Search movie"}
Completed 500 Internal Server Error in 3ms (ActiveRecord: 0.0ms)


  
NoMethodError (undefined method `fetch' for nil:NilClass):
  
app/services/search_movie.rb:20:in `request'
app/controllers/movies_controller.rb:3:in `search'
Started POST "/" for 127.0.0.1 at 2018-11-08 20:06:31 +0100
Processing by MoviesController#search as HTML
  Parameters: {"utf8"=>"✓", "authenticity_token"=>"h19v/Xcsy2Oi625ZYFmbNa2N7yAo1pUHo/C4DLW58K+0dkITxGPrdsYVrSntFor9RxmFw/QdXIkuIOYYFYwTsQ==", "movie"=>"", "commit"=>"Search movie"}
Completed 500 Internal Server Error in 218ms (ActiveRecord: 0.0ms)


  
Tmdb::InvalidApiKeyError (Tmdb::InvalidApiKeyError):
  
app/services/search_movie.rb:20:in `request'
app/controllers/movies_controller.rb:3:in `search'
Started POST "/" for 127.0.0.1 at 2018-11-08 20:06:46 +0100
Processing by MoviesController#search as HTML
  Parameters: {"utf8"=>"✓", "authenticity_token"=>"h19v/Xcsy2Oi625ZYFmbNa2N7yAo1pUHo/C4DLW58K+0dkITxGPrdsYVrSntFor9RxmFw/QdXIkuIOYYFYwTsQ==", "movie"=>"", "commit"=>"Search movie"}
Completed 500 Internal Server Error in 3ms (ActiveRecord: 0.0ms)


  
ArgumentError (wrong number of arguments (given 1, expected 0)):
  
app/services/search_movie.rb:20:in `request'
app/controllers/movies_controller.rb:3:in `search'
Started POST "/" for 127.0.0.1 at 2018-11-08 20:07:04 +0100
Processing by MoviesController#search as HTML
  Parameters: {"utf8"=>"✓", "authenticity_token"=>"h19v/Xcsy2Oi625ZYFmbNa2N7yAo1pUHo/C4DLW58K+0dkITxGPrdsYVrSntFor9RxmFw/QdXIkuIOYYFYwTsQ==", "movie"=>"", "commit"=>"Search movie"}
Completed 500 Internal Server Error in 3ms (ActiveRecord: 0.0ms)


  
ArgumentError (wrong number of arguments (given 1, expected 0)):
  
app/services/search_movie.rb:20:in `request'
app/controllers/movies_controller.rb:3:in `search'
Started POST "/" for 127.0.0.1 at 2018-11-08 20:07:20 +0100
Processing by MoviesController#search as HTML
  Parameters: {"utf8"=>"✓", "authenticity_token"=>"h19v/Xcsy2Oi625ZYFmbNa2N7yAo1pUHo/C4DLW58K+0dkITxGPrdsYVrSntFor9RxmFw/QdXIkuIOYYFYwTsQ==", "movie"=>"", "commit"=>"Search movie"}
Completed 500 Internal Server Error in 207ms (ActiveRecord: 0.0ms)


  
Tmdb::InvalidApiKeyError (Tmdb::InvalidApiKeyError):
  
app/services/search_movie.rb:20:in `request'
app/controllers/movies_controller.rb:3:in `search'
Started GET "/" for 127.0.0.1 at 2018-11-08 20:08:58 +0100
Processing by StaticPagesController#index as HTML
  Rendering static_pages/index.html.erb within layouts/application
  Rendered static_pages/index.html.erb within layouts/application (0.8ms)
  Rendered layouts/_header.html.erb (0.3ms)
  Rendered layouts/_footer.html.erb (0.3ms)
Completed 200 OK in 23ms (Views: 21.9ms | ActiveRecord: 0.0ms)


Started GET "/" for 127.0.0.1 at 2018-11-08 20:09:03 +0100
Processing by StaticPagesController#index as HTML
  Rendering static_pages/index.html.erb within layouts/application
  Rendered static_pages/index.html.erb within layouts/application (1.0ms)
  Rendered layouts/_header.html.erb (0.3ms)
  Rendered layouts/_footer.html.erb (0.2ms)
Completed 200 OK in 21ms (Views: 19.1ms | ActiveRecord: 0.0ms)


Started GET "/" for 127.0.0.1 at 2018-11-08 20:09:04 +0100
Processing by StaticPagesController#index as HTML
  Rendering static_pages/index.html.erb within layouts/application
  Rendered static_pages/index.html.erb within layouts/application (1.5ms)
  Rendered layouts/_header.html.erb (0.3ms)
  Rendered layouts/_footer.html.erb (0.3ms)
Completed 200 OK in 27ms (Views: 25.7ms | ActiveRecord: 0.0ms)


Started POST "/" for 127.0.0.1 at 2018-11-08 20:09:06 +0100
Processing by MoviesController#search as HTML
  Parameters: {"utf8"=>"✓", "authenticity_token"=>"l8NcsXhO+TDPbb3BD6qcs3WK7ylnj6AoUBl/eLSV2Nt/It7gQ95toq7fpN67v2CDRdt7nbNmQoI0zLoyua3i/w==", "movie"=>"batman", "commit"=>"Search movie"}
Completed 500 Internal Server Error in 238ms (ActiveRecord: 0.0ms)


  
Tmdb::InvalidApiKeyError (Tmdb::InvalidApiKeyError):
  
app/services/search_movie.rb:20:in `request'
app/controllers/movies_controller.rb:3:in `search'
Started GET "/" for 127.0.0.1 at 2018-11-08 20:10:37 +0100
Processing by StaticPagesController#index as HTML
  Rendering static_pages/index.html.erb within layouts/application
  Rendered static_pages/index.html.erb within layouts/application (0.7ms)
  Rendered layouts/_header.html.erb (0.3ms)
  Rendered layouts/_footer.html.erb (0.2ms)
Completed 200 OK in 20ms (Views: 19.0ms | ActiveRecord: 0.0ms)


Started POST "/" for 127.0.0.1 at 2018-11-08 20:10:38 +0100
  
SyntaxError (/home/leo/Bureau/THP/semaine6/Movie-searcher/movie/app/controllers/movies_controller.rb:9: syntax error, unexpected tCONSTANT, expecting keyword_end
...ch/movie?api_key="+ENV['API_KEY']+"&query="+params[:movie_na...
...                        ^~~~~~~):
  
app/controllers/movies_controller.rb:9: syntax error, unexpected tCONSTANT, expecting keyword_end
Started GET "/" for 127.0.0.1 at 2018-11-08 20:10:56 +0100
Processing by StaticPagesController#index as HTML
  Rendering static_pages/index.html.erb within layouts/application
  Rendered static_pages/index.html.erb within layouts/application (0.8ms)
  Rendered layouts/_header.html.erb (0.4ms)
  Rendered layouts/_footer.html.erb (0.3ms)
Completed 200 OK in 24ms (Views: 22.0ms | ActiveRecord: 0.0ms)


Started POST "/" for 127.0.0.1 at 2018-11-08 20:10:57 +0100
Processing by MoviesController#search as HTML
  Parameters: {"utf8"=>"✓", "authenticity_token"=>"kq9qxVZ2WFO/3hmFPhe68JTAs3MHORX/CabmbCTYvV6hhkcr5Tl4Rtsg2vWzWKs4flTZkNvy3HGEdrh4hO1eQA==", "movie"=>"", "commit"=>"Search movie"}
Completed 500 Internal Server Error in 518ms (ActiveRecord: 0.0ms)


  
Tmdb::InvalidApiKeyError (Tmdb::InvalidApiKeyError):
  
app/services/search_movie.rb:20:in `request'
app/controllers/movies_controller.rb:3:in `search'
Started POST "/" for 127.0.0.1 at 2018-11-08 20:11:04 +0100
Processing by MoviesController#search as HTML
  Parameters: {"utf8"=>"✓", "authenticity_token"=>"kq9qxVZ2WFO/3hmFPhe68JTAs3MHORX/CabmbCTYvV6hhkcr5Tl4Rtsg2vWzWKs4flTZkNvy3HGEdrh4hO1eQA==", "movie"=>"batman", "commit"=>"Search movie"}
Completed 500 Internal Server Error in 211ms (ActiveRecord: 0.0ms)


  
Tmdb::InvalidApiKeyError (Tmdb::InvalidApiKeyError):
  
app/services/search_movie.rb:20:in `request'
app/controllers/movies_controller.rb:3:in `search'
Started GET "/" for 127.0.0.1 at 2018-11-08 20:11:17 +0100
Processing by StaticPagesController#index as HTML
  Rendering static_pages/index.html.erb within layouts/application
  Rendered static_pages/index.html.erb within layouts/application (0.7ms)
  Rendered layouts/_header.html.erb (0.4ms)
  Rendered layouts/_footer.html.erb (0.3ms)
Completed 200 OK in 18ms (Views: 16.8ms | ActiveRecord: 0.0ms)


Started POST "/" for 127.0.0.1 at 2018-11-08 20:11:18 +0100
Processing by MoviesController#search as HTML
  Parameters: {"utf8"=>"✓", "authenticity_token"=>"enBb37sHdkAeP0EsipB3gcLK+mnd79RDI3JQwN3RizVJWXYxCEhWVXrBglwH32ZJKF6QigEkHc2uog7UfeRoKw==", "movie"=>"", "commit"=>"Search movie"}
Completed 500 Internal Server Error in 6ms (ActiveRecord: 0.0ms)


  
NoMethodError (undefined method `each' for nil:NilClass):
  
app/controllers/movies_controller.rb:11:in `search'
Started GET "/" for 127.0.0.1 at 2018-11-08 20:12:06 +0100
Processing by StaticPagesController#index as HTML
  Rendering static_pages/index.html.erb within layouts/application
  Rendered static_pages/index.html.erb within layouts/application (1.1ms)
  Rendered layouts/_header.html.erb (0.5ms)
  Rendered layouts/_footer.html.erb (0.6ms)
Completed 200 OK in 22ms (Views: 20.7ms | ActiveRecord: 0.0ms)


Started POST "/" for 127.0.0.1 at 2018-11-08 20:12:07 +0100
  
ActionController::RoutingError (No route matches [POST] "/"):
  
actionpack (5.2.1) lib/action_dispatch/middleware/debug_exceptions.rb:65:in `call'
web-console (3.7.0) lib/web_console/middleware.rb:135:in `call_app'
web-console (3.7.0) lib/web_console/middleware.rb:30:in `block in call'
web-console (3.7.0) lib/web_console/middleware.rb:20:in `catch'
web-console (3.7.0) lib/web_console/middleware.rb:20:in `call'
actionpack (5.2.1) lib/action_dispatch/middleware/show_exceptions.rb:33:in `call'
railties (5.2.1) lib/rails/rack/logger.rb:38:in `call_app'
railties (5.2.1) lib/rails/rack/logger.rb:26:in `block in call'
activesupport (5.2.1) lib/active_support/tagged_logging.rb:71:in `block in tagged'
activesupport (5.2.1) lib/active_support/tagged_logging.rb:28:in `tagged'
activesupport (5.2.1) lib/active_support/tagged_logging.rb:71:in `tagged'
railties (5.2.1) lib/rails/rack/logger.rb:26:in `call'
sprockets-rails (3.2.1) lib/sprockets/rails/quiet_assets.rb:13:in `call'
actionpack (5.2.1) lib/action_dispatch/middleware/remote_ip.rb:81:in `call'
actionpack (5.2.1) lib/action_dispatch/middleware/request_id.rb:27:in `call'
rack (2.0.6) lib/rack/method_override.rb:22:in `call'
rack (2.0.6) lib/rack/runtime.rb:22:in `call'
activesupport (5.2.1) lib/active_support/cache/strategy/local_cache_middleware.rb:29:in `call'
actionpack (5.2.1) lib/action_dispatch/middleware/executor.rb:14:in `call'
actionpack (5.2.1) lib/action_dispatch/middleware/static.rb:127:in `call'
rack (2.0.6) lib/rack/sendfile.rb:111:in `call'
railties (5.2.1) lib/rails/engine.rb:524:in `call'
puma (3.12.0) lib/puma/configuration.rb:225:in `call'
puma (3.12.0) lib/puma/server.rb:658:in `handle_request'
puma (3.12.0) lib/puma/server.rb:472:in `process_client'
puma (3.12.0) lib/puma/server.rb:332:in `block in run'
puma (3.12.0) lib/puma/thread_pool.rb:133:in `block in spawn_thread'
Started POST "/" for 127.0.0.1 at 2018-11-08 20:12:26 +0100
Processing by MoviesController#search as HTML
  Parameters: {"utf8"=>"✓", "authenticity_token"=>"FhiaAnzAe7DaacaYJN+odGBp62XSL7NvZeEudYfuV+MlMbfsz49bpb6XBeipkLm8iv2Bhg7keuHoMXBhJ9u0/Q==", "movie"=>"", "commit"=>"Search movie"}
Completed 500 Internal Server Error in 3ms (ActiveRecord: 0.0ms)


  
NoMethodError (undefined method `each' for nil:NilClass):
  
app/controllers/movies_controller.rb:11:in `search'
Started POST "/" for 127.0.0.1 at 2018-11-08 20:12:55 +0100
Processing by MoviesController#search as HTML
  Parameters: {"utf8"=>"✓", "authenticity_token"=>"FhiaAnzAe7DaacaYJN+odGBp62XSL7NvZeEudYfuV+MlMbfsz49bpb6XBeipkLm8iv2Bhg7keuHoMXBhJ9u0/Q==", "movie"=>"", "commit"=>"Search movie"}
Completed 500 Internal Server Error in 2ms (ActiveRecord: 0.0ms)


  
NoMethodError (undefined method `each' for nil:NilClass):
  
app/controllers/movies_controller.rb:11:in `search'
Started POST "/" for 127.0.0.1 at 2018-11-08 20:13:06 +0100
Processing by MoviesController#search as HTML
  Parameters: {"utf8"=>"✓", "authenticity_token"=>"FhiaAnzAe7DaacaYJN+odGBp62XSL7NvZeEudYfuV+MlMbfsz49bpb6XBeipkLm8iv2Bhg7keuHoMXBhJ9u0/Q==", "movie"=>"", "commit"=>"Search movie"}
Completed 500 Internal Server Error in 3ms (ActiveRecord: 0.0ms)


  
NoMethodError (undefined method `each' for nil:NilClass):
  
app/controllers/movies_controller.rb:11:in `search'
Started POST "/" for 127.0.0.1 at 2018-11-08 20:13:16 +0100
Processing by MoviesController#search as HTML
  Parameters: {"utf8"=>"✓", "authenticity_token"=>"FhiaAnzAe7DaacaYJN+odGBp62XSL7NvZeEudYfuV+MlMbfsz49bpb6XBeipkLm8iv2Bhg7keuHoMXBhJ9u0/Q==", "movie"=>"", "commit"=>"Search movie"}
Completed 500 Internal Server Error in 204ms (ActiveRecord: 0.0ms)


  
Tmdb::InvalidApiKeyError (Tmdb::InvalidApiKeyError):
  
app/services/search_movie.rb:20:in `request'
app/controllers/movies_controller.rb:3:in `search'
